2025-01-04T00:00:08.087+06:00  INFO 119656 --- [EurekaServer] [Eureka-EvictionTimer] c.n.e.registry.AbstractInstanceRegistry  : Running the evict task with compensationTime 0ms
2025-01-04T00:01:08.087+06:00  INFO 119656 --- [EurekaServer] [Eureka-EvictionTimer] c.n.e.registry.AbstractInstanceRegistry  : Running the evict task with compensationTime 0ms
2025-01-04T00:02:08.087+06:00  INFO 119656 --- [EurekaServer] [Eureka-EvictionTimer] c.n.e.registry.AbstractInstanceRegistry  : Running the evict task with compensationTime 0ms
2025-01-04T00:03:08.087+06:00  INFO 119656 --- [EurekaServer] [Eureka-EvictionTimer] c.n.e.registry.AbstractInstanceRegistry  : Running the evict task with compensationTime 0ms
2025-01-04T00:04:08.087+06:00  INFO 119656 --- [EurekaServer] [Eureka-EvictionTimer] c.n.e.registry.AbstractInstanceRegistry  : Running the evict task with compensationTime 0ms
2025-01-04T00:05:08.087+06:00  INFO 119656 --- [EurekaServer] [Eureka-EvictionTimer] c.n.e.registry.AbstractInstanceRegistry  : Running the evict task with compensationTime 0ms
2025-01-04T00:06:08.087+06:00  INFO 119656 --- [EurekaServer] [Eureka-EvictionTimer] c.n.e.registry.AbstractInstanceRegistry  : Running the evict task with compensationTime 0ms
2025-01-04T00:07:08.087+06:00  INFO 119656 --- [EurekaServer] [Eureka-EvictionTimer] c.n.e.registry.AbstractInstanceRegistry  : Running the evict task with compensationTime 0ms
2025-01-04T00:08:08.087+06:00  INFO 119656 --- [EurekaServer] [Eureka-EvictionTimer] c.n.e.registry.AbstractInstanceRegistry  : Running the evict task with compensationTime 0ms
2025-01-04T00:09:08.087+06:00  INFO 119656 --- [EurekaServer] [Eureka-EvictionTimer] c.n.e.registry.AbstractInstanceRegistry  : Running the evict task with compensationTime 0ms
2025-01-04T00:09:08.550+06:00  INFO 119656 --- [EurekaServer] [SpringApplicationShutdownHook] o.s.c.n.e.s.EurekaServiceRegistry        : Unregistering application EUREKASERVER with eureka with status DOWN
2025-01-04T00:09:08.555+06:00  INFO 119656 --- [EurekaServer] [SpringApplicationShutdownHook] o.s.b.w.e.tomcat.GracefulShutdown        : Commencing graceful shutdown. Waiting for active requests to complete
2025-01-04T00:09:08.558+06:00  INFO 119656 --- [EurekaServer] [tomcat-shutdown] o.s.b.w.e.tomcat.GracefulShutdown        : Graceful shutdown complete
2025-01-04T00:09:08.565+06:00  INFO 119656 --- [EurekaServer] [SpringApplicationShutdownHook] o.s.c.n.e.server.EurekaServerBootstrap   : Shutting down Eureka Server..
2025-01-04T00:09:08.566+06:00  INFO 119656 --- [EurekaServer] [SpringApplicationShutdownHook] c.n.eureka.DefaultEurekaServerContext    : Shutting down ...
2025-01-04T00:09:08.570+06:00  INFO 119656 --- [EurekaServer] [SpringApplicationShutdownHook] c.n.eureka.DefaultEurekaServerContext    : Shut down
2025-01-04T00:09:08.570+06:00  INFO 119656 --- [EurekaServer] [SpringApplicationShutdownHook] o.s.c.n.e.server.EurekaServerBootstrap   : Eureka Service is now shutdown...
2025-01-04T00:09:08.571+06:00  INFO 119656 --- [EurekaServer] [SpringApplicationShutdownHook] c.n.eureka.DefaultEurekaServerContext    : Shutting down ...
2025-01-04T00:09:08.572+06:00  INFO 119656 --- [EurekaServer] [SpringApplicationShutdownHook] c.n.eureka.DefaultEurekaServerContext    : Shut down
2025-01-04T00:09:08.585+06:00  INFO 119656 --- [EurekaServer] [SpringApplicationShutdownHook] com.netflix.discovery.DiscoveryClient    : Shutting down DiscoveryClient ...
2025-01-04T00:09:08.586+06:00  INFO 119656 --- [EurekaServer] [SpringApplicationShutdownHook] com.netflix.discovery.DiscoveryClient    : Completed shut down of DiscoveryClient
2025-01-04T00:09:16.792+06:00  INFO 121877 --- [EurekaServer] [main] c.n.E.EurekaServerApplication            : Starting EurekaServerApplication using Java 22.0.2 with PID 121877 (/home/wpxmunna/Downloads/Notch-Ecommerce-System/EurekaServer/target/classes started by wpxmunna in /home/wpxmunna/Downloads/Notch-Ecommerce-System)
2025-01-04T00:09:16.796+06:00  INFO 121877 --- [EurekaServer] [main] c.n.E.EurekaServerApplication            : No active profile set, falling back to 1 default profile: "default"
2025-01-04T00:09:18.237+06:00  INFO 121877 --- [EurekaServer] [main] o.s.cloud.context.scope.GenericScope     : BeanFactory id=951c7031-0b81-3fc9-bb6a-a86c0c32945d
2025-01-04T00:09:18.551+06:00  INFO 121877 --- [EurekaServer] [main] o.s.b.w.embedded.tomcat.TomcatWebServer  : Tomcat initialized with port 8761 (http)
2025-01-04T00:09:18.566+06:00  INFO 121877 --- [EurekaServer] [main] o.apache.catalina.core.StandardService   : Starting service [Tomcat]
2025-01-04T00:09:18.567+06:00  INFO 121877 --- [EurekaServer] [main] o.apache.catalina.core.StandardEngine    : Starting Servlet engine: [Apache Tomcat/10.1.34]
2025-01-04T00:09:18.624+06:00  INFO 121877 --- [EurekaServer] [main] o.a.c.c.C.[Tomcat].[localhost].[/]       : Initializing Spring embedded WebApplicationContext
2025-01-04T00:09:18.625+06:00  INFO 121877 --- [EurekaServer] [main] w.s.c.ServletWebServerApplicationContext : Root WebApplicationContext: initialization completed in 1753 ms
2025-01-04T00:09:19.675+06:00  INFO 121877 --- [EurekaServer] [main] c.n.d.provider.DiscoveryJerseyProvider   : Using JSON encoding codec LegacyJacksonJson
2025-01-04T00:09:19.677+06:00  INFO 121877 --- [EurekaServer] [main] c.n.d.provider.DiscoveryJerseyProvider   : Using JSON decoding codec LegacyJacksonJson
2025-01-04T00:09:19.857+06:00  INFO 121877 --- [EurekaServer] [main] c.n.d.provider.DiscoveryJerseyProvider   : Using XML encoding codec XStreamXml
2025-01-04T00:09:19.857+06:00  INFO 121877 --- [EurekaServer] [main] c.n.d.provider.DiscoveryJerseyProvider   : Using XML decoding codec XStreamXml
2025-01-04T00:09:20.050+06:00  INFO 121877 --- [EurekaServer] [main] o.s.v.b.OptionalValidatorFactoryBean     : Failed to set up a Bean Validation provider: jakarta.validation.NoProviderFoundException: Unable to create a Configuration, because no Jakarta Bean Validation provider could be found. Add a provider like Hibernate Validator (RI) to your classpath.
2025-01-04T00:09:20.858+06:00  WARN 121877 --- [EurekaServer] [main] iguration$LoadBalancerCaffeineWarnLogger : Spring Cloud LoadBalancer is currently working with the default cache. While this cache implementation is useful for development and tests, it's recommended to use Caffeine cache in production.You can switch to using Caffeine cache, by adding it and org.springframework.cache.caffeine.CaffeineCacheManager to the classpath.
2025-01-04T00:09:20.880+06:00  INFO 121877 --- [EurekaServer] [main] o.s.c.n.eureka.InstanceInfoFactory       : Setting initial instance status as: STARTING
2025-01-04T00:09:20.898+06:00  INFO 121877 --- [EurekaServer] [main] com.netflix.discovery.DiscoveryClient    : Initializing Eureka in region us-east-1
2025-01-04T00:09:20.898+06:00  INFO 121877 --- [EurekaServer] [main] com.netflix.discovery.DiscoveryClient    : Client configured to neither register nor query for data.
2025-01-04T00:09:20.900+06:00  INFO 121877 --- [EurekaServer] [main] com.netflix.discovery.DiscoveryClient    : Discovery Client initialized at timestamp 1735927760899 with initial instances count: 0
2025-01-04T00:09:20.939+06:00  INFO 121877 --- [EurekaServer] [main] c.n.eureka.DefaultEurekaServerContext    : Initializing ...
2025-01-04T00:09:20.941+06:00  INFO 121877 --- [EurekaServer] [main] c.n.eureka.cluster.PeerEurekaNodes       : Adding new peer nodes [http://localhost:8761/eureka/]
2025-01-04T00:09:21.055+06:00  INFO 121877 --- [EurekaServer] [main] c.n.d.provider.DiscoveryJerseyProvider   : Using JSON encoding codec LegacyJacksonJson
2025-01-04T00:09:21.056+06:00  INFO 121877 --- [EurekaServer] [main] c.n.d.provider.DiscoveryJerseyProvider   : Using JSON decoding codec LegacyJacksonJson
2025-01-04T00:09:21.056+06:00  INFO 121877 --- [EurekaServer] [main] c.n.d.provider.DiscoveryJerseyProvider   : Using XML encoding codec XStreamXml
2025-01-04T00:09:21.056+06:00  INFO 121877 --- [EurekaServer] [main] c.n.d.provider.DiscoveryJerseyProvider   : Using XML decoding codec XStreamXml
2025-01-04T00:09:21.169+06:00  INFO 121877 --- [EurekaServer] [main] c.n.eureka.cluster.PeerEurekaNodes       : Replica node URL:  http://localhost:8761/eureka/
2025-01-04T00:09:21.182+06:00  INFO 121877 --- [EurekaServer] [main] c.n.e.registry.AbstractInstanceRegistry  : Finished initializing remote region registries. All known remote regions: []
2025-01-04T00:09:21.182+06:00  INFO 121877 --- [EurekaServer] [main] c.n.eureka.DefaultEurekaServerContext    : Initialized
2025-01-04T00:09:21.203+06:00  INFO 121877 --- [EurekaServer] [main] o.s.b.a.e.web.EndpointLinksResolver      : Exposing 1 endpoint beneath base path '/actuator'
2025-01-04T00:09:21.286+06:00  INFO 121877 --- [EurekaServer] [main] o.s.c.n.e.s.EurekaServiceRegistry        : Registering application EUREKASERVER with eureka with status UP
2025-01-04T00:09:21.306+06:00  INFO 121877 --- [EurekaServer] [Thread-9] o.s.c.n.e.server.EurekaServerBootstrap   : isAws returned false
2025-01-04T00:09:21.307+06:00  INFO 121877 --- [EurekaServer] [Thread-9] o.s.c.n.e.server.EurekaServerBootstrap   : Initialized server context
2025-01-04T00:09:21.308+06:00  INFO 121877 --- [EurekaServer] [Thread-9] c.n.e.r.PeerAwareInstanceRegistryImpl    : Got 1 instances from neighboring DS node
2025-01-04T00:09:21.308+06:00  INFO 121877 --- [EurekaServer] [Thread-9] c.n.e.r.PeerAwareInstanceRegistryImpl    : Renew threshold is: 1
2025-01-04T00:09:21.308+06:00  INFO 121877 --- [EurekaServer] [Thread-9] c.n.e.r.PeerAwareInstanceRegistryImpl    : Changing status to UP
2025-01-04T00:09:21.311+06:00  INFO 121877 --- [EurekaServer] [Thread-9] e.s.EurekaServerInitializerConfiguration : Started Eureka Server
2025-01-04T00:09:21.312+06:00  INFO 121877 --- [EurekaServer] [main] o.s.b.w.embedded.tomcat.TomcatWebServer  : Tomcat started on port 8761 (http) with context path '/'
2025-01-04T00:09:21.313+06:00  INFO 121877 --- [EurekaServer] [main] .s.c.n.e.s.EurekaAutoServiceRegistration : Updating port to 8761
2025-01-04T00:09:21.339+06:00  INFO 121877 --- [EurekaServer] [main] c.n.E.EurekaServerApplication            : Started EurekaServerApplication in 5.302 seconds (process running for 6.664)
2025-01-04T00:09:21.823+06:00  INFO 121877 --- [EurekaServer] [RMI TCP Connection(3)-127.0.0.1] o.a.c.c.C.[Tomcat].[localhost].[/]       : Initializing Spring DispatcherServlet 'dispatcherServlet'
2025-01-04T00:09:21.823+06:00  INFO 121877 --- [EurekaServer] [RMI TCP Connection(3)-127.0.0.1] o.s.web.servlet.DispatcherServlet        : Initializing Servlet 'dispatcherServlet'
2025-01-04T00:09:21.826+06:00  INFO 121877 --- [EurekaServer] [RMI TCP Connection(3)-127.0.0.1] o.s.web.servlet.DispatcherServlet        : Completed initialization in 3 ms
2025-01-04T00:10:21.309+06:00  INFO 121877 --- [EurekaServer] [Eureka-EvictionTimer] c.n.e.registry.AbstractInstanceRegistry  : Running the evict task with compensationTime 0ms
2025-01-04T00:11:21.309+06:00  INFO 121877 --- [EurekaServer] [Eureka-EvictionTimer] c.n.e.registry.AbstractInstanceRegistry  : Running the evict task with compensationTime 0ms
2025-01-04T00:12:21.310+06:00  INFO 121877 --- [EurekaServer] [Eureka-EvictionTimer] c.n.e.registry.AbstractInstanceRegistry  : Running the evict task with compensationTime 0ms
2025-01-04T00:13:21.310+06:00  INFO 121877 --- [EurekaServer] [Eureka-EvictionTimer] c.n.e.registry.AbstractInstanceRegistry  : Running the evict task with compensationTime 0ms
2025-01-04T00:14:21.310+06:00  INFO 121877 --- [EurekaServer] [Eureka-EvictionTimer] c.n.e.registry.AbstractInstanceRegistry  : Running the evict task with compensationTime 0ms
2025-01-04T00:15:21.311+06:00  INFO 121877 --- [EurekaServer] [Eureka-EvictionTimer] c.n.e.registry.AbstractInstanceRegistry  : Running the evict task with compensationTime 0ms
2025-01-04T00:16:21.311+06:00  INFO 121877 --- [EurekaServer] [Eureka-EvictionTimer] c.n.e.registry.AbstractInstanceRegistry  : Running the evict task with compensationTime 0ms
2025-01-04T00:17:21.312+06:00  INFO 121877 --- [EurekaServer] [Eureka-EvictionTimer] c.n.e.registry.AbstractInstanceRegistry  : Running the evict task with compensationTime 0ms
2025-01-04T00:18:21.311+06:00  INFO 121877 --- [EurekaServer] [Eureka-EvictionTimer] c.n.e.registry.AbstractInstanceRegistry  : Running the evict task with compensationTime 0ms
2025-01-04T00:19:21.311+06:00  INFO 121877 --- [EurekaServer] [Eureka-EvictionTimer] c.n.e.registry.AbstractInstanceRegistry  : Running the evict task with compensationTime 0ms
2025-01-04T00:20:21.312+06:00  INFO 121877 --- [EurekaServer] [Eureka-EvictionTimer] c.n.e.registry.AbstractInstanceRegistry  : Running the evict task with compensationTime 0ms
2025-01-04T00:21:21.312+06:00  INFO 121877 --- [EurekaServer] [Eureka-EvictionTimer] c.n.e.registry.AbstractInstanceRegistry  : Running the evict task with compensationTime 0ms
2025-01-04T00:22:21.312+06:00  INFO 121877 --- [EurekaServer] [Eureka-EvictionTimer] c.n.e.registry.AbstractInstanceRegistry  : Running the evict task with compensationTime 0ms
2025-01-04T00:23:21.312+06:00  INFO 121877 --- [EurekaServer] [Eureka-EvictionTimer] c.n.e.registry.AbstractInstanceRegistry  : Running the evict task with compensationTime 0ms
2025-01-04T00:24:21.183+06:00  INFO 121877 --- [EurekaServer] [ReplicaAwareInstanceRegistry - RenewalThresholdUpdater] c.n.e.r.PeerAwareInstanceRegistryImpl    : Current renewal threshold is : 1
2025-01-04T00:24:21.312+06:00  INFO 121877 --- [EurekaServer] [Eureka-EvictionTimer] c.n.e.registry.AbstractInstanceRegistry  : Running the evict task with compensationTime 0ms
2025-01-04T00:25:21.313+06:00  INFO 121877 --- [EurekaServer] [Eureka-EvictionTimer] c.n.e.registry.AbstractInstanceRegistry  : Running the evict task with compensationTime 0ms
2025-01-04T00:26:21.312+06:00  INFO 121877 --- [EurekaServer] [Eureka-EvictionTimer] c.n.e.registry.AbstractInstanceRegistry  : Running the evict task with compensationTime 0ms
2025-01-04T00:27:21.312+06:00  INFO 121877 --- [EurekaServer] [Eureka-EvictionTimer] c.n.e.registry.AbstractInstanceRegistry  : Running the evict task with compensationTime 0ms
2025-01-04T00:27:22.214+06:00  INFO 121877 --- [EurekaServer] [http-nio-8761-exec-5] c.n.e.registry.AbstractInstanceRegistry  : Registered instance NOTCH-ECOM-BACKEND-API/192.168.0.190:notch-ecom-backend-api:8081 with status UP (replication=false)
2025-01-04T00:27:22.891+06:00  INFO 121877 --- [EurekaServer] [http-nio-8761-exec-6] c.n.e.registry.AbstractInstanceRegistry  : Registered instance NOTCH-ECOM-BACKEND-API/192.168.0.190:notch-ecom-backend-api:8081 with status UP (replication=true)
2025-01-04T00:28:21.312+06:00  INFO 121877 --- [EurekaServer] [Eureka-EvictionTimer] c.n.e.registry.AbstractInstanceRegistry  : Running the evict task with compensationTime 0ms
2025-01-04T00:29:21.312+06:00  INFO 121877 --- [EurekaServer] [Eureka-EvictionTimer] c.n.e.registry.AbstractInstanceRegistry  : Running the evict task with compensationTime 0ms
2025-01-04T00:30:21.312+06:00  INFO 121877 --- [EurekaServer] [Eureka-EvictionTimer] c.n.e.registry.AbstractInstanceRegistry  : Running the evict task with compensationTime 0ms
2025-01-04T00:31:21.312+06:00  INFO 121877 --- [EurekaServer] [Eureka-EvictionTimer] c.n.e.registry.AbstractInstanceRegistry  : Running the evict task with compensationTime 0ms
2025-01-04T00:32:21.312+06:00  INFO 121877 --- [EurekaServer] [Eureka-EvictionTimer] c.n.e.registry.AbstractInstanceRegistry  : Running the evict task with compensationTime 0ms
